[[1;34mINFO[m] Scanning for projects...
[[1;34mINFO[m] 
[[1;34mINFO[m] [1m-----------------------< [0;36mcom.ecommerce:product[0;1m >------------------------[m
[[1;34mINFO[m] [1mBuilding product 0.0.1-SNAPSHOT[m
[[1;34mINFO[m] [1m--------------------------------[ jar ]---------------------------------[m
[[1;34mINFO[m] 
[[1;34mINFO[m] [1m>>> [0;32mspring-boot-maven-plugin:3.4.5:run[m [1m(default-cli)[0;1m > [0;1mtest-compile[m @ [36mproduct[0;1m >>>[m
[[1;34mINFO[m] 
[[1;34mINFO[m] [1m--- [0;32mmaven-resources-plugin:3.3.1:resources[m [1m(default-resources)[m @ [36mproduct[0;1m ---[m
[[1;34mINFO[m] Copying 2 resources from src/main/resources to target/classes
[[1;34mINFO[m] Copying 0 resource from src/main/resources to target/classes
[[1;34mINFO[m] 
[[1;34mINFO[m] [1m--- [0;32mmaven-compiler-plugin:3.13.0:compile[m [1m(default-compile)[m @ [36mproduct[0;1m ---[m
[[1;34mINFO[m] Nothing to compile - all classes are up to date.
[[1;34mINFO[m] 
[[1;34mINFO[m] [1m--- [0;32mmaven-resources-plugin:3.3.1:testResources[m [1m(default-testResources)[m @ [36mproduct[0;1m ---[m
[[1;34mINFO[m] skip non existing resourceDirectory /mnt/E/Project/ecom-microservices/product/src/test/resources
[[1;34mINFO[m] 
[[1;34mINFO[m] [1m--- [0;32mmaven-compiler-plugin:3.13.0:testCompile[m [1m(default-testCompile)[m @ [36mproduct[0;1m ---[m
[[1;34mINFO[m] Nothing to compile - all classes are up to date.
[[1;34mINFO[m] 
[[1;34mINFO[m] [1m<<< [0;32mspring-boot-maven-plugin:3.4.5:run[m [1m(default-cli)[0;1m < [0;1mtest-compile[m @ [36mproduct[0;1m <<<[m
[[1;34mINFO[m] 
[[1;34mINFO[m] 
[[1;34mINFO[m] [1m--- [0;32mspring-boot-maven-plugin:3.4.5:run[m [1m(default-cli)[m @ [36mproduct[0;1m ---[m
[[1;34mINFO[m] Attaching agents: []

  .   ____          _            __ _ _
 /\\ / ___'_ __ _ _(_)_ __  __ _ \ \ \ \
( ( )\___ | '_ | '_| | '_ \/ _` | \ \ \ \
 \\/  ___)| |_)| | | | | || (_| |  ) ) ) )
  '  |____| .__|_| |_|_| |_\__, | / / / /
 =========|_|==============|___/=/_/_/_/

 :: Spring Boot ::                (v3.4.5)

2025-10-16T22:44:09.819+05:30  INFO 155231 --- [product-service] [           main] [                                                 ] c.ecommerce.product.ProductApplication   : Starting ProductApplication using Java 21.0.8 with PID 155231 (/mnt/E/Project/ecom-microservices/product/target/classes started by maverick in /mnt/E/Project/ecom-microservices/product)
2025-10-16T22:44:09.825+05:30 DEBUG 155231 --- [product-service] [           main] [                                                 ] c.ecommerce.product.ProductApplication   : Running with Spring Boot v3.4.5, Spring v6.2.6
2025-10-16T22:44:09.827+05:30  INFO 155231 --- [product-service] [           main] [                                                 ] c.ecommerce.product.ProductApplication   : No active profile set, falling back to 1 default profile: "default"
2025-10-16T22:44:09.909+05:30  INFO 155231 --- [product-service] [           main] [                                                 ] o.s.c.c.c.ConfigServerConfigDataLoader   : Fetching config from server at : http://localhost:8888
2025-10-16T22:44:09.910+05:30  INFO 155231 --- [product-service] [           main] [                                                 ] o.s.c.c.c.ConfigServerConfigDataLoader   : Located environment: name=product-service, profiles=[default], label=null, version=null, state=null
2025-10-16T22:44:13.149+05:30  INFO 155231 --- [product-service] [           main] [                                                 ] .s.d.r.c.RepositoryConfigurationDelegate : Bootstrapping Spring Data JPA repositories in DEFAULT mode.
2025-10-16T22:44:13.492+05:30  INFO 155231 --- [product-service] [           main] [                                                 ] .s.d.r.c.RepositoryConfigurationDelegate : Finished Spring Data repository scanning in 320 ms. Found 1 JPA repository interface.
2025-10-16T22:44:14.072+05:30  INFO 155231 --- [product-service] [           main] [                                                 ] faultConfiguringBeanFactoryPostProcessor : No bean named 'errorChannel' has been explicitly defined. Therefore, a default PublishSubscribeChannel will be created.
2025-10-16T22:44:14.093+05:30  INFO 155231 --- [product-service] [           main] [                                                 ] faultConfiguringBeanFactoryPostProcessor : No bean named 'integrationHeaderChannelRegistry' has been explicitly defined. Therefore, a default DefaultHeaderChannelRegistry will be created.
2025-10-16T22:44:14.377+05:30  INFO 155231 --- [product-service] [           main] [                                                 ] o.s.cloud.context.scope.GenericScope     : BeanFactory id=9f1caabb-c15c-30d5-b6d1-707a318fb675
2025-10-16T22:44:16.015+05:30  INFO 155231 --- [product-service] [           main] [                                                 ] o.s.b.w.embedded.tomcat.TomcatWebServer  : Tomcat initialized with port 8081 (http)
2025-10-16T22:44:16.045+05:30  INFO 155231 --- [product-service] [           main] [                                                 ] o.apache.catalina.core.StandardService   : Starting service [Tomcat]
2025-10-16T22:44:16.046+05:30  INFO 155231 --- [product-service] [           main] [                                                 ] o.apache.catalina.core.StandardEngine    : Starting Servlet engine: [Apache Tomcat/10.1.40]
2025-10-16T22:44:16.148+05:30  INFO 155231 --- [product-service] [           main] [                                                 ] o.a.c.c.C.[Tomcat].[localhost].[/]       : Initializing Spring embedded WebApplicationContext
2025-10-16T22:44:16.150+05:30  INFO 155231 --- [product-service] [           main] [                                                 ] w.s.c.ServletWebServerApplicationContext : Root WebApplicationContext: initialization completed in 6234 ms
2025-10-16T22:44:17.634+05:30 DEBUG 155231 --- [product-service] [           main] [                                                 ] o.s.w.f.ServerHttpObservationFilter      : Filter 'webMvcObservationFilter' configured for use
2025-10-16T22:44:17.962+05:30  INFO 155231 --- [product-service] [           main] [                                                 ] o.hibernate.jpa.internal.util.LogHelper  : HHH000204: Processing PersistenceUnitInfo [name: default]
2025-10-16T22:44:18.098+05:30  INFO 155231 --- [product-service] [           main] [                                                 ] org.hibernate.Version                    : HHH000412: Hibernate ORM core version 6.6.13.Final
2025-10-16T22:44:18.178+05:30  INFO 155231 --- [product-service] [           main] [                                                 ] o.h.c.internal.RegionFactoryInitiator    : HHH000026: Second-level cache disabled
2025-10-16T22:44:18.853+05:30  INFO 155231 --- [product-service] [           main] [                                                 ] o.s.o.j.p.SpringPersistenceUnitInfo      : No LoadTimeWeaver setup: ignoring JPA class transformer
2025-10-16T22:44:18.935+05:30  INFO 155231 --- [product-service] [           main] [                                                 ] com.zaxxer.hikari.HikariDataSource       : HikariPool-1 - Starting...
2025-10-16T22:44:19.248+05:30  INFO 155231 --- [product-service] [           main] [                                                 ] com.zaxxer.hikari.pool.HikariPool        : HikariPool-1 - Added connection org.postgresql.jdbc.PgConnection@7104b117
2025-10-16T22:44:19.253+05:30  INFO 155231 --- [product-service] [           main] [                                                 ] com.zaxxer.hikari.HikariDataSource       : HikariPool-1 - Start completed.
2025-10-16T22:44:19.319+05:30  WARN 155231 --- [product-service] [           main] [                                                 ] org.hibernate.orm.deprecation            : HHH90000025: PostgreSQLDialect does not need to be specified explicitly using 'hibernate.dialect' (remove the property setting and it will be selected by default)
2025-10-16T22:44:19.362+05:30  INFO 155231 --- [product-service] [           main] [                                                 ] org.hibernate.orm.connections.pooling    : HHH10001005: Database info:
	Database JDBC URL [Connecting through datasource 'HikariDataSource (HikariPool-1)']
	Database driver: undefined/unknown
	Database version: 15.14
	Autocommit mode: undefined/unknown
	Isolation level: undefined/unknown
	Minimum pool size: undefined/unknown
	Maximum pool size: undefined/unknown
2025-10-16T22:44:21.494+05:30  INFO 155231 --- [product-service] [           main] [                                                 ] o.h.e.t.j.p.i.JtaPlatformInitiator       : HHH000489: No JTA platform available (set 'hibernate.transaction.jta.platform' to enable JTA platform integration)
Hibernate: 
    create table products (
        id bigint generated by default as identity,
        active boolean,
        category varchar(255),
        created_at timestamp(6),
        description varchar(255),
        image_url varchar(255),
        name varchar(255),
        price numeric(38,2),
        stock_quantity integer,
        updated_at timestamp(6),
        primary key (id)
    )
2025-10-16T22:44:21.816+05:30  INFO 155231 --- [product-service] [           main] [                                                 ] j.LocalContainerEntityManagerFactoryBean : Initialized JPA EntityManagerFactory for persistence unit 'default'
2025-10-16T22:44:22.467+05:30  INFO 155231 --- [product-service] [           main] [                                                 ] o.s.d.j.r.query.QueryEnhancerFactory     : Hibernate is in classpath; If applicable, HQL parser will be used.
2025-10-16T22:44:24.219+05:30  WARN 155231 --- [product-service] [           main] [                                                 ] JpaBaseConfiguration$JpaWebConfiguration : spring.jpa.open-in-view is enabled by default. Therefore, database queries may be performed during view rendering. Explicitly configure spring.jpa.open-in-view to disable this warning
2025-10-16T22:44:24.298+05:30 DEBUG 155231 --- [product-service] [           main] [                                                 ] swordEncoderAuthenticationManagerBuilder : No authenticationProviders and no parentAuthenticationManager defined. Returning null.
2025-10-16T22:44:24.732+05:30 DEBUG 155231 --- [product-service] [           main] [                                                 ] s.w.s.m.m.a.RequestMappingHandlerMapping : 10 mappings in 'requestMappingHandlerMapping'
2025-10-16T22:44:25.054+05:30 DEBUG 155231 --- [product-service] [           main] [                                                 ] o.s.w.s.handler.SimpleUrlHandlerMapping  : Patterns [/webjars/**, /**] in 'resourceHandlerMapping'
2025-10-16T22:44:26.835+05:30  INFO 155231 --- [product-service] [           main] [                                                 ] o.s.cloud.commons.util.InetUtils         : Cannot determine local hostname
2025-10-16T22:44:27.975+05:30  INFO 155231 --- [product-service] [           main] [                                                 ] o.s.cloud.commons.util.InetUtils         : Cannot determine local hostname
2025-10-16T22:44:28.832+05:30  INFO 155231 --- [product-service] [           main] [                                                 ] o.s.b.a.e.web.EndpointLinksResolver      : Exposing 25 endpoints beneath base path '/actuator'
2025-10-16T22:44:29.190+05:30 DEBUG 155231 --- [product-service] [           main] [                                                 ] o.s.s.web.DefaultSecurityFilterChain     : Will secure any request with filters: DisableEncodeUrlFilter, WebAsyncManagerIntegrationFilter, SecurityContextHolderFilter, HeaderWriterFilter, LogoutFilter, BearerTokenAuthenticationFilter, RequestCacheAwareFilter, SecurityContextHolderAwareRequestFilter, AnonymousAuthenticationFilter, ExceptionTranslationFilter, AuthorizationFilter
2025-10-16T22:44:29.530+05:30 DEBUG 155231 --- [product-service] [           main] [                                                 ] s.w.s.m.m.a.RequestMappingHandlerAdapter : ControllerAdvice beans: 0 @ModelAttribute, 0 @InitBinder, 1 RequestBodyAdvice, 1 ResponseBodyAdvice
2025-10-16T22:44:29.688+05:30 DEBUG 155231 --- [product-service] [           main] [                                                 ] .m.m.a.ExceptionHandlerExceptionResolver : ControllerAdvice beans: 0 @ExceptionHandler, 1 ResponseBodyAdvice
2025-10-16T22:44:30.333+05:30  INFO 155231 --- [product-service] [           main] [                                                 ] o.s.c.s.m.DirectWithAttributesChannel    : Channel 'product-service.springCloudBusInput' has 1 subscriber(s).
2025-10-16T22:44:32.038+05:30  INFO 155231 --- [product-service] [           main] [                                                 ] o.s.cloud.commons.util.InetUtils         : Cannot determine local hostname
2025-10-16T22:44:32.107+05:30  INFO 155231 --- [product-service] [           main] [                                                 ] DiscoveryClientOptionalArgsConfiguration : Eureka HTTP Client uses RestTemplate.
2025-10-16T22:44:32.327+05:30  WARN 155231 --- [product-service] [           main] [                                                 ] iguration$LoadBalancerCaffeineWarnLogger : Spring Cloud LoadBalancer is currently working with the default cache. While this cache implementation is useful for development and tests, it's recommended to use Caffeine cache in production.You can switch to using Caffeine cache, by adding it and org.springframework.cache.caffeine.CaffeineCacheManager to the classpath.
2025-10-16T22:44:32.668+05:30  INFO 155231 --- [product-service] [           main] [                                                 ] o.s.i.endpoint.EventDrivenConsumer       : Adding {logging-channel-adapter:_org.springframework.integration.errorLogger} as a subscriber to the 'errorChannel' channel
2025-10-16T22:44:32.669+05:30  INFO 155231 --- [product-service] [           main] [                                                 ] o.s.i.channel.PublishSubscribeChannel    : Channel 'product-service.errorChannel' has 1 subscriber(s).
2025-10-16T22:44:32.670+05:30  INFO 155231 --- [product-service] [           main] [                                                 ] o.s.i.endpoint.EventDrivenConsumer       : started bean '_org.springframework.integration.errorLogger'
2025-10-16T22:44:32.711+05:30  INFO 155231 --- [product-service] [           main] [                                                 ] o.s.c.n.eureka.InstanceInfoFactory       : Setting initial instance status as: STARTING
2025-10-16T22:44:32.788+05:30  INFO 155231 --- [product-service] [           main] [                                                 ] com.netflix.discovery.DiscoveryClient    : Initializing Eureka in region us-east-1
2025-10-16T22:44:32.797+05:30  INFO 155231 --- [product-service] [           main] [                                                 ] c.n.d.s.r.aws.ConfigClusterResolver      : Resolving eureka endpoints via configuration
2025-10-16T22:44:32.819+05:30  INFO 155231 --- [product-service] [           main] [                                                 ] com.netflix.discovery.DiscoveryClient    : Disable delta property : false
2025-10-16T22:44:32.820+05:30  INFO 155231 --- [product-service] [           main] [                                                 ] com.netflix.discovery.DiscoveryClient    : Single vip registry refresh property : null
2025-10-16T22:44:32.820+05:30  INFO 155231 --- [product-service] [           main] [                                                 ] com.netflix.discovery.DiscoveryClient    : Force full registry fetch : false
2025-10-16T22:44:32.820+05:30  INFO 155231 --- [product-service] [           main] [                                                 ] com.netflix.discovery.DiscoveryClient    : Application is null : false
2025-10-16T22:44:32.821+05:30  INFO 155231 --- [product-service] [           main] [                                                 ] com.netflix.discovery.DiscoveryClient    : Registered Applications size is zero : true
2025-10-16T22:44:32.821+05:30  INFO 155231 --- [product-service] [           main] [                                                 ] com.netflix.discovery.DiscoveryClient    : Application version is -1: true
2025-10-16T22:44:32.821+05:30  INFO 155231 --- [product-service] [           main] [                                                 ] com.netflix.discovery.DiscoveryClient    : Getting all instance registry info from the eureka server
2025-10-16T22:44:33.050+05:30 DEBUG 155231 --- [product-service] [           main] [                                                 ] o.s.web.client.RestTemplate              : HTTP GET http://localhost:8761/eureka/apps/
2025-10-16T22:44:33.211+05:30 DEBUG 155231 --- [product-service] [           main] [68f127f9bb52f571f2609f5d87672608-f2609f5d87672608] o.s.web.client.RestTemplate              : Accept=[application/json, application/*+json]
2025-10-16T22:44:33.324+05:30 DEBUG 155231 --- [product-service] [           main] [68f127f9bb52f571f2609f5d87672608-f2609f5d87672608] o.s.web.client.RestTemplate              : Response 200 OK
2025-10-16T22:44:33.329+05:30 DEBUG 155231 --- [product-service] [           main] [68f127f9bb52f571f2609f5d87672608-f2609f5d87672608] o.s.web.client.RestTemplate              : Reading to [org.springframework.cloud.netflix.eureka.http.EurekaApplications]
2025-10-16T22:44:33.389+05:30  INFO 155231 --- [product-service] [           main] [                                                 ] com.netflix.discovery.DiscoveryClient    : The response status is 200
2025-10-16T22:44:33.394+05:30  INFO 155231 --- [product-service] [           main] [                                                 ] com.netflix.discovery.DiscoveryClient    : Starting heartbeat executor: renew interval is: 30
2025-10-16T22:44:33.399+05:30  INFO 155231 --- [product-service] [           main] [                                                 ] c.n.discovery.InstanceInfoReplicator     : InstanceInfoReplicator onDemand update allowed rate per min is 4
2025-10-16T22:44:33.403+05:30  INFO 155231 --- [product-service] [           main] [                                                 ] com.netflix.discovery.DiscoveryClient    : Discovery Client initialized at timestamp 1760634873402 with initial instances count: 3
2025-10-16T22:44:33.420+05:30  INFO 155231 --- [product-service] [           main] [                                                 ] o.s.c.n.e.s.EurekaServiceRegistry        : Registering application PRODUCT-SERVICE with eureka with status UP
2025-10-16T22:44:33.423+05:30  INFO 155231 --- [product-service] [           main] [                                                 ] com.netflix.discovery.DiscoveryClient    : Saw local status change event StatusChangeEvent [timestamp=1760634873423, current=UP, previous=STARTING]
2025-10-16T22:44:33.429+05:30  INFO 155231 --- [product-service] [foReplicator-%d] [                                                 ] com.netflix.discovery.DiscoveryClient    : DiscoveryClient_PRODUCT-SERVICE/localhost:product-service:8081: registering service...
2025-10-16T22:44:33.430+05:30  INFO 155231 --- [product-service] [           main] [                                                 ] o.s.c.s.binder.DefaultBinderFactory      : Creating binder: rabbit
2025-10-16T22:44:33.431+05:30  INFO 155231 --- [product-service] [           main] [                                                 ] o.s.c.s.binder.DefaultBinderFactory      : Constructing binder child context for rabbit
2025-10-16T22:44:33.443+05:30 DEBUG 155231 --- [product-service] [foReplicator-%d] [                                                 ] o.s.web.client.RestTemplate              : HTTP POST http://localhost:8761/eureka/apps/PRODUCT-SERVICE
2025-10-16T22:44:33.451+05:30 DEBUG 155231 --- [product-service] [foReplicator-%d] [68f127f990aa922ad952d25000dca3ad-d952d25000dca3ad] o.s.web.client.RestTemplate              : Accept=[application/json, application/*+json]
2025-10-16T22:44:33.486+05:30 DEBUG 155231 --- [product-service] [foReplicator-%d] [68f127f990aa922ad952d25000dca3ad-d952d25000dca3ad] o.s.web.client.RestTemplate              : Writing [InstanceInfo [instanceId = localhost:product-service:8081, appName = PRODUCT-SERVICE, hostName = 192.168.1.5, status = UP, ipAddr = 192.168.1.5, port = 8081, securePort = 443, dataCenterInfo = com.netflix.appinfo.MyDataCenterInfo@32472631] as "application/json"
2025-10-16T22:44:33.536+05:30 DEBUG 155231 --- [product-service] [foReplicator-%d] [68f127f990aa922ad952d25000dca3ad-d952d25000dca3ad] o.s.web.client.RestTemplate              : Response 204 NO_CONTENT
2025-10-16T22:44:33.539+05:30  INFO 155231 --- [product-service] [foReplicator-%d] [                                                 ] com.netflix.discovery.DiscoveryClient    : DiscoveryClient_PRODUCT-SERVICE/localhost:product-service:8081 - registration status: 204
2025-10-16T22:44:33.679+05:30  INFO 155231 --- [product-service] [           main] [                                                 ] o.s.c.s.binder.DefaultBinderFactory      : Caching the binder: rabbit
2025-10-16T22:44:33.793+05:30  INFO 155231 --- [product-service] [           main] [                                                 ] c.s.b.r.p.RabbitExchangeQueueProvisioner : declaring queue for inbound: springCloudBus.anonymous.swsH6dtGTGyw5BA7LM2J2Q, bound to: springCloudBus
2025-10-16T22:44:33.808+05:30  INFO 155231 --- [product-service] [           main] [                                                 ] o.s.a.r.c.CachingConnectionFactory       : Attempting to connect to: [localhost:5672]
2025-10-16T22:44:33.997+05:30  INFO 155231 --- [product-service] [           main] [                                                 ] o.s.a.r.c.CachingConnectionFactory       : Created new connection: rabbitConnectionFactory#381a4407:0/SimpleConnection@2e8a3f87 [delegate=amqp://guest@127.0.0.1:5672/, localPort=34892]
2025-10-16T22:44:34.129+05:30  INFO 155231 --- [product-service] [           main] [                                                 ] o.s.c.stream.binder.BinderErrorChannel   : Channel 'rabbit-1888885883.springCloudBusInput.errors' has 1 subscriber(s).
2025-10-16T22:44:34.131+05:30  INFO 155231 --- [product-service] [           main] [                                                 ] o.s.c.stream.binder.BinderErrorChannel   : Channel 'rabbit-1888885883.springCloudBusInput.errors' has 2 subscriber(s).
2025-10-16T22:44:34.181+05:30  INFO 155231 --- [product-service] [           main] [                                                 ] o.s.i.a.i.AmqpInboundChannelAdapter      : started bean 'inbound.springCloudBus.anonymous.swsH6dtGTGyw5BA7LM2J2Q'
2025-10-16T22:44:34.213+05:30  INFO 155231 --- [product-service] [           main] [                                                 ] o.s.b.w.embedded.tomcat.TomcatWebServer  : Tomcat started on port 8081 (http) with context path '/'
2025-10-16T22:44:34.216+05:30  INFO 155231 --- [product-service] [           main] [                                                 ] .s.c.n.e.s.EurekaAutoServiceRegistration : Updating port to 8081
2025-10-16T22:44:34.531+05:30 DEBUG 155231 --- [product-service] [/api/v2/spans}}] [                                                 ] o.s.w.r.f.client.ExchangeFunctions       : [458cb4ad] HTTP POST http://localhost:9411/api/v2/spans
2025-10-16T22:44:35.088+05:30  WARN 155231 --- [product-service] [/api/v2/spans}}] [                                                 ] z.r.i.AsyncReporter$BoundedAsyncReporter : Spans were dropped due to exceptions. All subsequent errors will be logged at FINE level.
2025-10-16T22:44:35.088+05:30  WARN 155231 --- [product-service] [/api/v2/spans}}] [                                                 ] z.r.i.AsyncReporter$BoundedAsyncReporter : Dropped 1 spans due to WebClientRequestException(finishConnect(..) failed: Connection refused: localhost/127.0.0.1:9411)

org.springframework.web.reactive.function.client.WebClientRequestException: finishConnect(..) failed: Connection refused: localhost/127.0.0.1:9411
	at org.springframework.web.reactive.function.client.ExchangeFunctions$DefaultExchangeFunction.lambda$wrapException$9(ExchangeFunctions.java:137) ~[spring-webflux-6.2.6.jar:6.2.6]
	Suppressed: reactor.core.publisher.FluxOnAssembly$OnAssemblyException: 
Error has been observed at the following site(s):
	*__checkpoint ⇢ Request to POST http://localhost:9411/api/v2/spans [DefaultWebClient]
Original Stack Trace:
		at org.springframework.web.reactive.function.client.ExchangeFunctions$DefaultExchangeFunction.lambda$wrapException$9(ExchangeFunctions.java:137) ~[spring-webflux-6.2.6.jar:6.2.6]
		at reactor.core.publisher.MonoErrorSupplied.subscribe(MonoErrorSupplied.java:55) ~[reactor-core-3.7.5.jar:3.7.5]
		at reactor.core.publisher.Mono.subscribe(Mono.java:4576) ~[reactor-core-3.7.5.jar:3.7.5]
		at reactor.core.publisher.FluxOnErrorResume$ResumeSubscriber.onError(FluxOnErrorResume.java:103) ~[reactor-core-3.7.5.jar:3.7.5]
		at reactor.core.publisher.FluxPeek$PeekSubscriber.onError(FluxPeek.java:222) ~[reactor-core-3.7.5.jar:3.7.5]
		at reactor.core.publisher.FluxPeek$PeekSubscriber.onError(FluxPeek.java:222) ~[reactor-core-3.7.5.jar:3.7.5]
		at reactor.core.publisher.FluxPeek$PeekSubscriber.onError(FluxPeek.java:222) ~[reactor-core-3.7.5.jar:3.7.5]
		at reactor.core.publisher.MonoNext$NextSubscriber.onError(MonoNext.java:93) ~[reactor-core-3.7.5.jar:3.7.5]
		at reactor.core.publisher.MonoFlatMapMany$FlatMapManyMain.onError(MonoFlatMapMany.java:205) ~[reactor-core-3.7.5.jar:3.7.5]
		at reactor.core.publisher.SerializedSubscriber.onError(SerializedSubscriber.java:124) ~[reactor-core-3.7.5.jar:3.7.5]
		at reactor.core.publisher.FluxRetryWhen$RetryWhenMainSubscriber.whenError(FluxRetryWhen.java:229) ~[reactor-core-3.7.5.jar:3.7.5]
		at reactor.core.publisher.FluxRetryWhen$RetryWhenOtherSubscriber.onError(FluxRetryWhen.java:279) ~[reactor-core-3.7.5.jar:3.7.5]
		at reactor.core.publisher.FluxContextWrite$ContextWriteSubscriber.onError(FluxContextWrite.java:121) ~[reactor-core-3.7.5.jar:3.7.5]
		at reactor.core.publisher.FluxConcatMapNoPrefetch$FluxConcatMapNoPrefetchSubscriber.maybeOnError(FluxConcatMapNoPrefetch.java:327) ~[reactor-core-3.7.5.jar:3.7.5]
		at reactor.core.publisher.FluxConcatMapNoPrefetch$FluxConcatMapNoPrefetchSubscriber.onNext(FluxConcatMapNoPrefetch.java:212) ~[reactor-core-3.7.5.jar:3.7.5]
		at reactor.core.publisher.FluxContextWrite$ContextWriteSubscriber.onNext(FluxContextWrite.java:107) ~[reactor-core-3.7.5.jar:3.7.5]
		at reactor.core.publisher.SinkManyEmitterProcessor.drain(SinkManyEmitterProcessor.java:476) ~[reactor-core-3.7.5.jar:3.7.5]
		at reactor.core.publisher.SinkManyEmitterProcessor$EmitterInner.drainParent(SinkManyEmitterProcessor.java:620) ~[reactor-core-3.7.5.jar:3.7.5]
		at reactor.core.publisher.FluxPublish$PubSubInner.request(FluxPublish.java:874) ~[reactor-core-3.7.5.jar:3.7.5]
		at reactor.core.publisher.FluxContextWrite$ContextWriteSubscriber.request(FluxContextWrite.java:136) ~[reactor-core-3.7.5.jar:3.7.5]
		at reactor.core.publisher.FluxConcatMapNoPrefetch$FluxConcatMapNoPrefetchSubscriber.request(FluxConcatMapNoPrefetch.java:337) ~[reactor-core-3.7.5.jar:3.7.5]
		at reactor.core.publisher.FluxContextWrite$ContextWriteSubscriber.request(FluxContextWrite.java:136) ~[reactor-core-3.7.5.jar:3.7.5]
		at reactor.core.publisher.Operators$DeferredSubscription.request(Operators.java:1742) ~[reactor-core-3.7.5.jar:3.7.5]
		at reactor.core.publisher.FluxRetryWhen$RetryWhenMainSubscriber.onError(FluxRetryWhen.java:196) ~[reactor-core-3.7.5.jar:3.7.5]
		at reactor.core.publisher.MonoCreate$DefaultMonoSink.error(MonoCreate.java:205) ~[reactor-core-3.7.5.jar:3.7.5]
		at reactor.netty.http.client.HttpClientConnect$MonoHttpConnect$ClientTransportSubscriber.onError(HttpClientConnect.java:325) ~[reactor-netty-http-1.2.5.jar:1.2.5]
		at reactor.core.publisher.MonoCreate$DefaultMonoSink.error(MonoCreate.java:205) ~[reactor-core-3.7.5.jar:3.7.5]
		at reactor.netty.resources.DefaultPooledConnectionProvider$DisposableAcquire.onError(DefaultPooledConnectionProvider.java:174) ~[reactor-netty-core-1.2.5.jar:1.2.5]
		at reactor.netty.internal.shaded.reactor.pool.AbstractPool$Borrower.fail(AbstractPool.java:479) ~[reactor-netty-core-1.2.5.jar:1.2.5]
		at reactor.netty.internal.shaded.reactor.pool.SimpleDequePool.lambda$drainLoop$9(SimpleDequePool.java:443) ~[reactor-netty-core-1.2.5.jar:1.2.5]
		at reactor.core.publisher.FluxDoOnEach$DoOnEachSubscriber.onError(FluxDoOnEach.java:186) ~[reactor-core-3.7.5.jar:3.7.5]
		at reactor.core.publisher.MonoCreate$DefaultMonoSink.error(MonoCreate.java:205) ~[reactor-core-3.7.5.jar:3.7.5]
		at reactor.netty.resources.DefaultPooledConnectionProvider$PooledConnectionAllocator$PooledConnectionInitializer.onError(DefaultPooledConnectionProvider.java:593) ~[reactor-netty-core-1.2.5.jar:1.2.5]
		at reactor.core.publisher.MonoFlatMap$FlatMapMain.secondError(MonoFlatMap.java:241) ~[reactor-core-3.7.5.jar:3.7.5]
		at reactor.core.publisher.MonoFlatMap$FlatMapInner.onError(MonoFlatMap.java:315) ~[reactor-core-3.7.5.jar:3.7.5]
		at reactor.core.publisher.FluxOnErrorResume$ResumeSubscriber.onError(FluxOnErrorResume.java:106) ~[reactor-core-3.7.5.jar:3.7.5]
		at org.springframework.security.config.annotation.web.configuration.SecurityReactorContextConfiguration$SecurityReactorContextSubscriber.onError(SecurityReactorContextConfiguration.java:191) ~[spring-security-config-6.4.5.jar:6.4.5]
		at reactor.core.publisher.Operators.error(Operators.java:198) ~[reactor-core-3.7.5.jar:3.7.5]
		at reactor.core.publisher.MonoError.subscribe(MonoError.java:53) ~[reactor-core-3.7.5.jar:3.7.5]
		at reactor.core.publisher.Mono.subscribe(Mono.java:4576) ~[reactor-core-3.7.5.jar:3.7.5]
		at reactor.core.publisher.FluxOnErrorResume$ResumeSubscriber.onError(FluxOnErrorResume.java:103) ~[reactor-core-3.7.5.jar:3.7.5]
		at reactor.netty.transport.TransportConnector$MonoChannelPromise.tryFailure(TransportConnector.java:595) ~[reactor-netty-core-1.2.5.jar:1.2.5]
		at reactor.netty.transport.TransportConnector$MonoChannelPromise.setFailure(TransportConnector.java:541) ~[reactor-netty-core-1.2.5.jar:1.2.5]
		at reactor.netty.transport.TransportConnector.lambda$doConnect$7(TransportConnector.java:262) ~[reactor-netty-core-1.2.5.jar:1.2.5]
		at io.netty.util.concurrent.DefaultPromise.notifyListener0(DefaultPromise.java:590) ~[netty-common-4.1.119.Final.jar:4.1.119.Final]
		at io.netty.util.concurrent.DefaultPromise.notifyListeners0(DefaultPromise.java:583) ~[netty-common-4.1.119.Final.jar:4.1.119.Final]
		at io.netty.util.concurrent.DefaultPromise.notifyListenersNow(DefaultPromise.java:559) ~[netty-common-4.1.119.Final.jar:4.1.119.Final]
		at io.netty.util.concurrent.DefaultPromise.notifyListeners(DefaultPromise.java:492) ~[netty-common-4.1.119.Final.jar:4.1.119.Final]
		at io.netty.util.concurrent.DefaultPromise.setValue0(DefaultPromise.java:636) ~[netty-common-4.1.119.Final.jar:4.1.119.Final]
		at io.netty.util.concurrent.DefaultPromise.setFailure0(DefaultPromise.java:629) ~[netty-common-4.1.119.Final.jar:4.1.119.Final]
		at io.netty.util.concurrent.DefaultPromise.tryFailure(DefaultPromise.java:118) ~[netty-common-4.1.119.Final.jar:4.1.119.Final]
		at io.netty.channel.epoll.AbstractEpollChannel$AbstractEpollUnsafe.fulfillConnectPromise(AbstractEpollChannel.java:679) ~[netty-transport-classes-epoll-4.1.119.Final.jar:4.1.119.Final]
		at io.netty.channel.epoll.AbstractEpollChannel$AbstractEpollUnsafe.finishConnect(AbstractEpollChannel.java:698) ~[netty-transport-classes-epoll-4.1.119.Final.jar:4.1.119.Final]
		at io.netty.channel.epoll.AbstractEpollChannel$AbstractEpollUnsafe.epollOutReady(AbstractEpollChannel.java:567) ~[netty-transport-classes-epoll-4.1.119.Final.jar:4.1.119.Final]
		at io.netty.channel.epoll.EpollEventLoop.processReady(EpollEventLoop.java:491) ~[netty-transport-classes-epoll-4.1.119.Final.jar:4.1.119.Final]
		at io.netty.channel.epoll.EpollEventLoop.run(EpollEventLoop.java:399) ~[netty-transport-classes-epoll-4.1.119.Final.jar:4.1.119.Final]
		at io.netty.util.concurrent.SingleThreadEventExecutor$4.run(SingleThreadEventExecutor.java:998) ~[netty-common-4.1.119.Final.jar:4.1.119.Final]
		at io.netty.util.internal.ThreadExecutorMap$2.run(ThreadExecutorMap.java:74) ~[netty-common-4.1.119.Final.jar:4.1.119.Final]
		at io.netty.util.concurrent.FastThreadLocalRunnable.run(FastThreadLocalRunnable.java:30) ~[netty-common-4.1.119.Final.jar:4.1.119.Final]
		at java.base/java.lang.Thread.run(Thread.java:1583) ~[na:na]
	Suppressed: java.lang.Exception: #block terminated with an error
		at reactor.core.publisher.BlockingSingleSubscriber.blockingGet(BlockingSingleSubscriber.java:104) ~[reactor-core-3.7.5.jar:3.7.5]
		at reactor.core.publisher.Mono.block(Mono.java:1779) ~[reactor-core-3.7.5.jar:3.7.5]
		at org.springframework.boot.actuate.autoconfigure.tracing.zipkin.ZipkinWebClientSender.postSpans(ZipkinWebClientSender.java:58) ~[spring-boot-actuator-autoconfigure-3.4.5.jar:3.4.5]
		at org.springframework.boot.actuate.autoconfigure.tracing.zipkin.HttpSender.postSpans(HttpSender.java:69) ~[spring-boot-actuator-autoconfigure-3.4.5.jar:3.4.5]
		at org.springframework.boot.actuate.autoconfigure.tracing.zipkin.HttpSender.postSpans(HttpSender.java:41) ~[spring-boot-actuator-autoconfigure-3.4.5.jar:3.4.5]
		at zipkin2.reporter.BaseHttpSender.send(BaseHttpSender.java:123) ~[zipkin-reporter-3.4.3.jar:na]
		at zipkin2.reporter.internal.AsyncReporter$BoundedAsyncReporter.flush(AsyncReporter.java:266) ~[zipkin-reporter-3.4.3.jar:na]
		at zipkin2.reporter.internal.AsyncReporter$Flusher.run(AsyncReporter.java:352) ~[zipkin-reporter-3.4.3.jar:na]
		at java.base/java.lang.Thread.run(Thread.java:1583) ~[na:na]
Caused by: io.netty.channel.AbstractChannel$AnnotatedConnectException: finishConnect(..) failed: Connection refused: localhost/127.0.0.1:9411
Caused by: java.net.ConnectException: finishConnect(..) failed: Connection refused
	at io.netty.channel.unix.Errors.newConnectException0(Errors.java:166) ~[netty-transport-native-unix-common-4.1.119.Final.jar:4.1.119.Final]
	at io.netty.channel.unix.Errors.handleConnectErrno(Errors.java:131) ~[netty-transport-native-unix-common-4.1.119.Final.jar:4.1.119.Final]
	at io.netty.channel.unix.Socket.finishConnect(Socket.java:359) ~[netty-transport-native-unix-common-4.1.119.Final.jar:4.1.119.Final]
	at io.netty.channel.epoll.AbstractEpollChannel$AbstractEpollUnsafe.doFinishConnect(AbstractEpollChannel.java:715) ~[netty-transport-classes-epoll-4.1.119.Final.jar:4.1.119.Final]
	at io.netty.channel.epoll.AbstractEpollChannel$AbstractEpollUnsafe.finishConnect(AbstractEpollChannel.java:692) ~[netty-transport-classes-epoll-4.1.119.Final.jar:4.1.119.Final]
	at io.netty.channel.epoll.AbstractEpollChannel$AbstractEpollUnsafe.epollOutReady(AbstractEpollChannel.java:567) ~[netty-transport-classes-epoll-4.1.119.Final.jar:4.1.119.Final]
	at io.netty.channel.epoll.EpollEventLoop.processReady(EpollEventLoop.java:491) ~[netty-transport-classes-epoll-4.1.119.Final.jar:4.1.119.Final]
	at io.netty.channel.epoll.EpollEventLoop.run(EpollEventLoop.java:399) ~[netty-transport-classes-epoll-4.1.119.Final.jar:4.1.119.Final]
	at io.netty.util.concurrent.SingleThreadEventExecutor$4.run(SingleThreadEventExecutor.java:998) ~[netty-common-4.1.119.Final.jar:4.1.119.Final]
	at io.netty.util.internal.ThreadExecutorMap$2.run(ThreadExecutorMap.java:74) ~[netty-common-4.1.119.Final.jar:4.1.119.Final]
	at io.netty.util.concurrent.FastThreadLocalRunnable.run(FastThreadLocalRunnable.java:30) ~[netty-common-4.1.119.Final.jar:4.1.119.Final]
	at java.base/java.lang.Thread.run(Thread.java:1583) ~[na:na]

2025-10-16T22:44:35.218+05:30  INFO 155231 --- [product-service] [           main] [                                                 ] o.s.cloud.commons.util.InetUtils         : Cannot determine local hostname
2025-10-16T22:44:36.220+05:30  INFO 155231 --- [product-service] [           main] [                                                 ] o.s.cloud.commons.util.InetUtils         : Cannot determine local hostname
2025-10-16T22:44:36.371+05:30  INFO 155231 --- [product-service] [           main] [                                                 ] c.ecommerce.product.ProductApplication   : Started ProductApplication in 29.689 seconds (process running for 30.673)
2025-10-16T22:45:03.396+05:30 DEBUG 155231 --- [product-service] [reshExecutor-%d] [                                                 ] o.s.web.client.RestTemplate              : HTTP GET http://localhost:8761/eureka/apps/delta
2025-10-16T22:45:03.398+05:30 DEBUG 155231 --- [product-service] [reshExecutor-%d] [68f12817b12ba12ff20682769f3bd9f2-f20682769f3bd9f2] o.s.web.client.RestTemplate              : Accept=[application/json, application/*+json]
2025-10-16T22:45:03.399+05:30 DEBUG 155231 --- [product-service] [beatExecutor-%d] [                                                 ] o.s.web.client.RestTemplate              : HTTP PUT http://localhost:8761/eureka/apps/PRODUCT-SERVICE/localhost:product-service:8081?status=UP&lastDirtyTimestamp=1760634873421
2025-10-16T22:45:03.406+05:30 DEBUG 155231 --- [product-service] [reshExecutor-%d] [68f12817b12ba12ff20682769f3bd9f2-f20682769f3bd9f2] o.s.web.client.RestTemplate              : Response 200 OK
2025-10-16T22:45:03.407+05:30 DEBUG 155231 --- [product-service] [reshExecutor-%d] [68f12817b12ba12ff20682769f3bd9f2-f20682769f3bd9f2] o.s.web.client.RestTemplate              : Reading to [org.springframework.cloud.netflix.eureka.http.EurekaApplications]
2025-10-16T22:45:03.411+05:30 DEBUG 155231 --- [product-service] [beatExecutor-%d] [68f1281762a8a688b6b61c3c5a0de790-b6b61c3c5a0de790] o.s.web.client.RestTemplate              : Accept=[application/json, application/*+json]
2025-10-16T22:45:03.420+05:30 DEBUG 155231 --- [product-service] [beatExecutor-%d] [68f1281762a8a688b6b61c3c5a0de790-b6b61c3c5a0de790] o.s.web.client.RestTemplate              : Response 200 OK
2025-10-16T22:45:33.415+05:30 DEBUG 155231 --- [product-service] [reshExecutor-%d] [                                                 ] o.s.web.client.RestTemplate              : HTTP GET http://localhost:8761/eureka/apps/delta
2025-10-16T22:45:33.420+05:30 DEBUG 155231 --- [product-service] [reshExecutor-%d] [68f12835ea80c9f308e26628a49196ed-08e26628a49196ed] o.s.web.client.RestTemplate              : Accept=[application/json, application/*+json]
2025-10-16T22:45:33.425+05:30 DEBUG 155231 --- [product-service] [beatExecutor-%d] [                                                 ] o.s.web.client.RestTemplate              : HTTP PUT http://localhost:8761/eureka/apps/PRODUCT-SERVICE/localhost:product-service:8081?status=UP&lastDirtyTimestamp=1760634873421
2025-10-16T22:45:33.434+05:30 DEBUG 155231 --- [product-service] [beatExecutor-%d] [68f128357109e05cad6cbf1e6fbffd81-ad6cbf1e6fbffd81] o.s.web.client.RestTemplate              : Accept=[application/json, application/*+json]
2025-10-16T22:45:33.454+05:30 DEBUG 155231 --- [product-service] [reshExecutor-%d] [68f12835ea80c9f308e26628a49196ed-08e26628a49196ed] o.s.web.client.RestTemplate              : Response 200 OK
2025-10-16T22:45:33.459+05:30 DEBUG 155231 --- [product-service] [reshExecutor-%d] [68f12835ea80c9f308e26628a49196ed-08e26628a49196ed] o.s.web.client.RestTemplate              : Reading to [org.springframework.cloud.netflix.eureka.http.EurekaApplications]
2025-10-16T22:45:33.463+05:30 DEBUG 155231 --- [product-service] [beatExecutor-%d] [68f128357109e05cad6cbf1e6fbffd81-ad6cbf1e6fbffd81] o.s.web.client.RestTemplate              : Response 200 OK
2025-10-16T22:46:03.472+05:30 DEBUG 155231 --- [product-service] [beatExecutor-%d] [                                                 ] o.s.web.client.RestTemplate              : HTTP PUT http://localhost:8761/eureka/apps/PRODUCT-SERVICE/localhost:product-service:8081?status=UP&lastDirtyTimestamp=1760634873421
2025-10-16T22:46:03.475+05:30 DEBUG 155231 --- [product-service] [reshExecutor-%d] [                                                 ] o.s.web.client.RestTemplate              : HTTP GET http://localhost:8761/eureka/apps/delta
2025-10-16T22:46:03.477+05:30 DEBUG 155231 --- [product-service] [beatExecutor-%d] [68f12853706bc2299681251df0a848de-9681251df0a848de] o.s.web.client.RestTemplate              : Accept=[application/json, application/*+json]
2025-10-16T22:46:03.480+05:30 DEBUG 155231 --- [product-service] [reshExecutor-%d] [68f12853c967ec777a94384e67f25101-7a94384e67f25101] o.s.web.client.RestTemplate              : Accept=[application/json, application/*+json]
2025-10-16T22:46:03.514+05:30 DEBUG 155231 --- [product-service] [reshExecutor-%d] [68f12853c967ec777a94384e67f25101-7a94384e67f25101] o.s.web.client.RestTemplate              : Response 200 OK
2025-10-16T22:46:03.522+05:30 DEBUG 155231 --- [product-service] [reshExecutor-%d] [68f12853c967ec777a94384e67f25101-7a94384e67f25101] o.s.web.client.RestTemplate              : Reading to [org.springframework.cloud.netflix.eureka.http.EurekaApplications]
2025-10-16T22:46:03.511+05:30 DEBUG 155231 --- [product-service] [beatExecutor-%d] [68f12853706bc2299681251df0a848de-9681251df0a848de] o.s.web.client.RestTemplate              : Response 200 OK
